[22:57:44] [Server thread/INFO]: Starting minecraft server version 1.12.2
[22:57:44] [Server thread/INFO]: Loading properties
[22:57:44] [Server console handler/ERROR]: Exception handling console input
java.io.IOException: The handle is invalid
	at java.io.FileInputStream.readBytes(Native Method) ~[?:?]
	at java.io.FileInputStream.read(FileInputStream.java:273) ~[?:?]
	at java.io.BufferedInputStream.read1(BufferedInputStream.java:283) ~[?:?]
	at java.io.BufferedInputStream.read(BufferedInputStream.java:344) ~[?:?]
	at sun.nio.cs.StreamDecoder.readBytes(StreamDecoder.java:297) ~[?:?]
	at sun.nio.cs.StreamDecoder.implRead(StreamDecoder.java:339) ~[?:?]
	at sun.nio.cs.StreamDecoder.read(StreamDecoder.java:188) ~[?:?]
	at java.io.InputStreamReader.read(InputStreamReader.java:185) ~[?:?]
	at java.io.BufferedReader.fill(BufferedReader.java:161) ~[?:?]
	at java.io.BufferedReader.readLine(BufferedReader.java:326) ~[?:?]
	at java.io.BufferedReader.readLine(BufferedReader.java:392) ~[?:?]
	at nz$2.run(SourceFile:100) [minecraft_server.1.12.2.jar:?]
[22:57:44] [Server thread/WARN]: server.properties does not exist
[22:57:44] [Server thread/INFO]: Generating new properties file
[22:57:44] [Server thread/WARN]: Failed to load eula.txt
[22:57:44] [Server thread/INFO]: You need to agree to the EULA in order to run the server. Go to eula.txt for more info.
[22:57:44] [Server thread/INFO]: Stopping server
[22:57:44] [Server Shutdown Thread/INFO]: Stopping server
